2025-08-09 11:36:55,035 [WARNING] Retrying (Retry(total=2, connect=None, read=None, redirect=None, status=None)) after connection broken by 'ConnectionResetError(104, 'Connection reset by peer')': /max
2025-08-09 11:36:56,194 [WARNING] Retrying (Retry(total=1, connect=None, read=None, redirect=None, status=None)) after connection broken by 'ConnectionResetError(104, 'Connection reset by peer')': /max
2025-08-09 11:36:58,368 [WARNING] Retrying (Retry(total=0, connect=None, read=None, redirect=None, status=None)) after connection broken by 'ConnectionResetError(104, 'Connection reset by peer')': /max
2025-08-09 11:37:09,627 [WARNING] Retrying (Retry(total=2, connect=None, read=None, redirect=None, status=None)) after connection broken by 'ReadTimeoutError("HTTPSConnectionPool(host='www.tiktok.com', port=443): Read timed out. (read timeout=15)")': /@max
2025-08-09 11:37:25,786 [WARNING] Retrying (Retry(total=1, connect=None, read=None, redirect=None, status=None)) after connection broken by 'ReadTimeoutError("HTTPSConnectionPool(host='www.tiktok.com', port=443): Read timed out. (read timeout=15)")': /@max
2025-08-09 11:37:42,899 [WARNING] Retrying (Retry(total=0, connect=None, read=None, redirect=None, status=None)) after connection broken by 'ReadTimeoutError("HTTPSConnectionPool(host='www.tiktok.com', port=443): Read timed out. (read timeout=15)")': /@max
2025-08-09 11:37:59,598 [WARNING] Retrying (Retry(total=2, connect=None, read=None, redirect=None, status=None)) after connection broken by 'ConnectionResetError(104, 'Connection reset by peer')': /max
2025-08-09 11:38:08,239 [WARNING] Retrying (Retry(total=1, connect=None, read=None, redirect=None, status=None)) after connection broken by 'ConnectionResetError(104, 'Connection reset by peer')': /max
2025-08-09 11:38:10,485 [WARNING] Retrying (Retry(total=0, connect=None, read=None, redirect=None, status=None)) after connection broken by 'ConnectionResetError(104, 'Connection reset by peer')': /max
2025-08-09 11:38:27,329 [WARNING] Retrying (Retry(total=2, connect=None, read=None, redirect=None, status=None)) after connection broken by 'ReadTimeoutError("HTTPSConnectionPool(host='www.tiktok.com', port=443): Read timed out. (read timeout=15)")': /@max
2025-08-09 11:38:43,451 [WARNING] Retrying (Retry(total=1, connect=None, read=None, redirect=None, status=None)) after connection broken by 'ReadTimeoutError("HTTPSConnectionPool(host='www.tiktok.com', port=443): Read timed out. (read timeout=15)")': /@max
2025-08-09 11:39:00,607 [WARNING] Retrying (Retry(total=0, connect=None, read=None, redirect=None, status=None)) after connection broken by 'ReadTimeoutError("HTTPSConnectionPool(host='www.tiktok.com', port=443): Read timed out. (read timeout=15)")': /@max
2025-08-09 11:39:16,868 [WARNING] Retrying (Retry(total=2, connect=None, read=None, redirect=None, status=None)) after connection broken by 'ConnectionResetError(104, 'Connection reset by peer')': /max
2025-08-09 11:39:17,990 [WARNING] Retrying (Retry(total=1, connect=None, read=None, redirect=None, status=None)) after connection broken by 'ConnectionResetError(104, 'Connection reset by peer')': /max
2025-08-09 11:39:20,118 [WARNING] Retrying (Retry(total=0, connect=None, read=None, redirect=None, status=None)) after connection broken by 'ConnectionResetError(104, 'Connection reset by peer')': /max
2025-08-09 11:39:36,583 [WARNING] Retrying (Retry(total=2, connect=None, read=None, redirect=None, status=None)) after connection broken by 'ReadTimeoutError("HTTPSConnectionPool(host='www.tiktok.com', port=443): Read timed out. (read timeout=15)")': /@max
2025-08-09 11:39:52,868 [WARNING] Retrying (Retry(total=1, connect=None, read=None, redirect=None, status=None)) after connection broken by 'ReadTimeoutError("HTTPSConnectionPool(host='www.tiktok.com', port=443): Read timed out. (read timeout=15)")': /@max
2025-08-09 11:40:10,019 [WARNING] Retrying (Retry(total=0, connect=None, read=None, redirect=None, status=None)) after connection broken by 'ReadTimeoutError("HTTPSConnectionPool(host='www.tiktok.com', port=443): Read timed out. (read timeout=15)")': /@max
2025-08-09 12:04:10,932 [WARNING] Retrying (Retry(total=2, connect=None, read=None, redirect=None, status=None)) after connection broken by 'ConnectionResetError(104, 'Connection reset by peer')': /max
2025-08-09 12:04:12,119 [WARNING] Retrying (Retry(total=1, connect=None, read=None, redirect=None, status=None)) after connection broken by 'ConnectionResetError(104, 'Connection reset by peer')': /max
2025-08-09 12:04:14,290 [WARNING] Retrying (Retry(total=0, connect=None, read=None, redirect=None, status=None)) after connection broken by 'ConnectionResetError(104, 'Connection reset by peer')': /max
2025-08-09 12:04:22,643 [WARNING] Retrying (Retry(total=2, connect=None, read=None, redirect=None, status=None)) after connection broken by 'ReadTimeoutError("HTTPSConnectionPool(host='www.tiktok.com', port=443): Read timed out. (read timeout=15)")': /@max
2025-08-09 12:04:38,774 [WARNING] Retrying (Retry(total=1, connect=None, read=None, redirect=None, status=None)) after connection broken by 'ReadTimeoutError("HTTPSConnectionPool(host='www.tiktok.com', port=443): Read timed out. (read timeout=15)")': /@max
2025-08-09 12:04:56,163 [WARNING] Retrying (Retry(total=0, connect=None, read=None, redirect=None, status=None)) after connection broken by 'ReadTimeoutError("HTTPSConnectionPool(host='www.tiktok.com', port=443): Read timed out. (read timeout=15)")': /@max
2025-08-09 12:22:15,118 [WARNING] Retrying (Retry(total=2, connect=None, read=None, redirect=None, status=None)) after connection broken by 'ConnectionResetError(104, 'Connection reset by peer')': /max
2025-08-09 12:22:16,300 [WARNING] Retrying (Retry(total=1, connect=None, read=None, redirect=None, status=None)) after connection broken by 'ConnectionResetError(104, 'Connection reset by peer')': /max
2025-08-09 12:22:18,588 [WARNING] Retrying (Retry(total=0, connect=None, read=None, redirect=None, status=None)) after connection broken by 'ConnectionResetError(104, 'Connection reset by peer')': /max
2025-08-09 12:22:28,770 [WARNING] Retrying (Retry(total=2, connect=None, read=None, redirect=None, status=None)) after connection broken by 'ReadTimeoutError("HTTPSConnectionPool(host='www.tiktok.com', port=443): Read timed out. (read timeout=15)")': /@max
2025-08-09 12:22:44,938 [WARNING] Retrying (Retry(total=1, connect=None, read=None, redirect=None, status=None)) after connection broken by 'ReadTimeoutError("HTTPSConnectionPool(host='www.tiktok.com', port=443): Read timed out. (read timeout=15)")': /@max
2025-08-09 12:23:02,084 [WARNING] Retrying (Retry(total=0, connect=None, read=None, redirect=None, status=None)) after connection broken by 'ReadTimeoutError("HTTPSConnectionPool(host='www.tiktok.com', port=443): Read timed out. (read timeout=15)")': /@max
2025-08-09 12:34:19,813 [WARNING] Retrying (Retry(total=2, connect=None, read=None, redirect=None, status=None)) after connection broken by 'ConnectionResetError(104, 'Connection reset by peer')': /max
2025-08-09 12:34:21,006 [WARNING] Retrying (Retry(total=1, connect=None, read=None, redirect=None, status=None)) after connection broken by 'ConnectionResetError(104, 'Connection reset by peer')': /max
2025-08-09 12:34:23,171 [WARNING] Retrying (Retry(total=0, connect=None, read=None, redirect=None, status=None)) after connection broken by 'ConnectionResetError(104, 'Connection reset by peer')': /max
2025-08-09 12:34:32,804 [WARNING] Retrying (Retry(total=2, connect=None, read=None, redirect=None, status=None)) after connection broken by 'ReadTimeoutError("HTTPSConnectionPool(host='tiktok.com', port=443): Read timed out. (read timeout=15)")': /@max
2025-08-09 12:34:52,373 [WARNING] Retrying (Retry(total=2, connect=None, read=None, redirect=None, status=None)) after connection broken by 'ReadTimeoutError("HTTPSConnectionPool(host='www.tiktok.com', port=443): Read timed out. (read timeout=15)")': /@max
2025-08-09 12:35:10,563 [WARNING] Retrying (Retry(total=1, connect=None, read=None, redirect=None, status=None)) after connection broken by 'ReadTimeoutError("HTTPSConnectionPool(host='www.tiktok.com', port=443): Read timed out. (read timeout=15)")': /@max
2025-08-09 12:35:32,207 [WARNING] Retrying (Retry(total=0, connect=None, read=None, redirect=None, status=None)) after connection broken by 'ReadTimeoutError("HTTPSConnectionPool(host='www.tiktok.com', port=443): Read timed out. (read timeout=15)")': /@max
2025-08-09 12:47:08,380 [WARNING] Retrying (Retry(total=2, connect=None, read=None, redirect=None, status=None)) after connection broken by 'ReadTimeoutError("HTTPSConnectionPool(host='github.com', port=443): Read timed out. (read timeout=15)")': /ma@x
2025-08-10 00:11:10,968 [WARNING] Retrying (Retry(total=2, connect=None, read=None, redirect=None, status=None)) after connection broken by 'ConnectionResetError(104, 'Connection reset by peer')': /stilla1ex
2025-08-10 00:11:12,148 [WARNING] Retrying (Retry(total=1, connect=None, read=None, redirect=None, status=None)) after connection broken by 'ConnectionResetError(104, 'Connection reset by peer')': /stilla1ex
2025-08-10 00:11:14,320 [WARNING] Retrying (Retry(total=0, connect=None, read=None, redirect=None, status=None)) after connection broken by 'ConnectionResetError(104, 'Connection reset by peer')': /stilla1ex
2025-08-10 00:11:24,695 [WARNING] Retrying (Retry(total=2, connect=None, read=None, redirect=None, status=None)) after connection broken by 'ReadTimeoutError("HTTPSConnectionPool(host='www.tiktok.com', port=443): Read timed out. (read timeout=15)")': /@stilla1ex
2025-08-10 00:11:40,853 [WARNING] Retrying (Retry(total=1, connect=None, read=None, redirect=None, status=None)) after connection broken by 'ReadTimeoutError("HTTPSConnectionPool(host='www.tiktok.com', port=443): Read timed out. (read timeout=15)")': /@stilla1ex
2025-08-10 00:11:58,165 [WARNING] Retrying (Retry(total=0, connect=None, read=None, redirect=None, status=None)) after connection broken by 'ReadTimeoutError("HTTPSConnectionPool(host='www.tiktok.com', port=443): Read timed out. (read timeout=15)")': /@stilla1ex
2025-08-10 00:17:38,799 [WARNING] Retrying (Retry(total=2, connect=None, read=None, redirect=None, status=None)) after connection broken by 'ConnectionResetError(104, 'Connection reset by peer')': /stilla1ex
2025-08-10 00:17:39,998 [WARNING] Retrying (Retry(total=1, connect=None, read=None, redirect=None, status=None)) after connection broken by 'ConnectionResetError(104, 'Connection reset by peer')': /stilla1ex
2025-08-10 00:17:42,224 [WARNING] Retrying (Retry(total=0, connect=None, read=None, redirect=None, status=None)) after connection broken by 'ConnectionResetError(104, 'Connection reset by peer')': /stilla1ex
2025-08-10 00:17:53,304 [WARNING] Retrying (Retry(total=2, connect=None, read=None, redirect=None, status=None)) after connection broken by 'ReadTimeoutError("HTTPSConnectionPool(host='www.tiktok.com', port=443): Read timed out. (read timeout=15)")': /@stilla1ex
2025-08-10 00:18:09,497 [WARNING] Retrying (Retry(total=1, connect=None, read=None, redirect=None, status=None)) after connection broken by 'ReadTimeoutError("HTTPSConnectionPool(host='www.tiktok.com', port=443): Read timed out. (read timeout=15)")': /@stilla1ex
2025-08-10 00:18:26,779 [WARNING] Retrying (Retry(total=0, connect=None, read=None, redirect=None, status=None)) after connection broken by 'ReadTimeoutError("HTTPSConnectionPool(host='www.tiktok.com', port=443): Read timed out. (read timeout=15)")': /@stilla1ex
2025-08-10 00:23:40,359 [WARNING] Retrying (Retry(total=2, connect=None, read=None, redirect=None, status=None)) after connection broken by 'ConnectionResetError(104, 'Connection reset by peer')': /stilla1ex
2025-08-10 00:23:41,553 [WARNING] Retrying (Retry(total=1, connect=None, read=None, redirect=None, status=None)) after connection broken by 'ConnectionResetError(104, 'Connection reset by peer')': /stilla1ex
2025-08-10 00:23:43,779 [WARNING] Retrying (Retry(total=0, connect=None, read=None, redirect=None, status=None)) after connection broken by 'ConnectionResetError(104, 'Connection reset by peer')': /stilla1ex
2025-08-10 00:23:49,336 [WARNING] Retrying (Retry(total=2, connect=None, read=None, redirect=None, status=None)) after connection broken by 'ReadTimeoutError("HTTPSConnectionPool(host='www.tiktok.com', port=443): Read timed out. (read timeout=15)")': /@stilla1ex
2025-08-10 00:24:05,499 [WARNING] Retrying (Retry(total=1, connect=None, read=None, redirect=None, status=None)) after connection broken by 'ReadTimeoutError("HTTPSConnectionPool(host='www.tiktok.com', port=443): Read timed out. (read timeout=15)")': /@stilla1ex
2025-08-10 00:24:22,651 [WARNING] Retrying (Retry(total=0, connect=None, read=None, redirect=None, status=None)) after connection broken by 'ReadTimeoutError("HTTPSConnectionPool(host='www.tiktok.com', port=443): Read timed out. (read timeout=15)")': /@stilla1ex
2025-08-10 00:25:48,310 [WARNING] Retrying (Retry(total=2, connect=None, read=None, redirect=None, status=None)) after connection broken by 'ConnectionResetError(104, 'Connection reset by peer')': /stilla1ex
2025-08-10 00:25:49,484 [WARNING] Retrying (Retry(total=1, connect=None, read=None, redirect=None, status=None)) after connection broken by 'ConnectionResetError(104, 'Connection reset by peer')': /stilla1ex
2025-08-10 00:25:50,746 [WARNING] Retrying (Retry(total=2, connect=None, read=None, redirect=None, status=None)) after connection broken by 'SSLError(SSLEOFError(8, '[SSL: UNEXPECTED_EOF_WHILE_READING] EOF occurred in violation of protocol (_ssl.c:1029)'))': /@stilla1ex
2025-08-10 00:26:06,630 [WARNING] Retrying (Retry(total=0, connect=None, read=None, redirect=None, status=None)) after connection broken by 'ReadTimeoutError("HTTPSConnectionPool(host='soundcloud.com', port=443): Read timed out. (read timeout=15)")': /stilla1ex
2025-08-10 00:26:06,885 [WARNING] Retrying (Retry(total=1, connect=None, read=None, redirect=None, status=None)) after connection broken by 'ReadTimeoutError("HTTPSConnectionPool(host='www.tiktok.com', port=443): Read timed out. (read timeout=15)")': /@stilla1ex
2025-08-10 00:26:24,159 [WARNING] Retrying (Retry(total=0, connect=None, read=None, redirect=None, status=None)) after connection broken by 'ReadTimeoutError("HTTPSConnectionPool(host='www.tiktok.com', port=443): Read timed out. (read timeout=15)")': /@stilla1ex
2025-08-10 00:32:19,768 [WARNING] Retrying (Retry(total=2, connect=None, read=None, redirect=None, status=None)) after connection broken by 'ConnectionResetError(104, 'Connection reset by peer')': /stilla1ex
2025-08-10 00:32:21,534 [WARNING] Retrying (Retry(total=1, connect=None, read=None, redirect=None, status=None)) after connection broken by 'ConnectionResetError(104, 'Connection reset by peer')': /stilla1ex
2025-08-10 00:32:23,711 [WARNING] Retrying (Retry(total=0, connect=None, read=None, redirect=None, status=None)) after connection broken by 'ConnectionResetError(104, 'Connection reset by peer')': /stilla1ex
2025-08-10 00:32:33,127 [WARNING] Retrying (Retry(total=2, connect=None, read=None, redirect=None, status=None)) after connection broken by 'ReadTimeoutError("HTTPSConnectionPool(host='www.tiktok.com', port=443): Read timed out. (read timeout=15)")': /@stilla1ex
2025-08-10 00:32:49,318 [WARNING] Retrying (Retry(total=1, connect=None, read=None, redirect=None, status=None)) after connection broken by 'ReadTimeoutError("HTTPSConnectionPool(host='www.tiktok.com', port=443): Read timed out. (read timeout=15)")': /@stilla1ex
2025-08-10 00:33:06,474 [WARNING] Retrying (Retry(total=0, connect=None, read=None, redirect=None, status=None)) after connection broken by 'ReadTimeoutError("HTTPSConnectionPool(host='www.tiktok.com', port=443): Read timed out. (read timeout=15)")': /@stilla1ex
